<?xml version="1.0" encoding="UTF-8"?>
<coverage generated="1582572065033" clover="3.2.0">
  <project timestamp="1582572065033" name="All files">
    <metrics statements="98" coveredstatements="98" conditionals="26" coveredconditionals="25" methods="32" coveredmethods="32" elements="156" coveredelements="155" complexity="0" loc="98" ncloc="98" packages="1" files="3" classes="3"/>
    <file name="function.js" path="/home/kelly/Desktop/Markdown/LIM011-fe-md-links/function.js">
      <metrics statements="68" coveredstatements="68" conditionals="20" coveredconditionals="19" methods="21" coveredmethods="21"/>
      <line num="2" count="2" type="stmt"/>
      <line num="3" count="2" type="stmt"/>
      <line num="4" count="2" type="stmt"/>
      <line num="5" count="2" type="stmt"/>
      <line num="7" count="11" type="stmt"/>
      <line num="9" count="9" type="stmt"/>
      <line num="11" count="48" type="stmt"/>
      <line num="13" count="25" type="stmt"/>
      <line num="15" count="2" type="stmt"/>
      <line num="16" count="95" type="stmt"/>
      <line num="17" count="95" type="cond" truecount="2" falsecount="0"/>
      <line num="18" count="62" type="stmt"/>
      <line num="19" count="33" type="stmt"/>
      <line num="22" count="24" type="stmt"/>
      <line num="23" count="24" type="stmt"/>
      <line num="26" count="2" type="stmt"/>
      <line num="27" count="9" type="cond" truecount="2" falsecount="0"/>
      <line num="28" count="1" type="stmt"/>
      <line num="30" count="8" type="stmt"/>
      <line num="31" count="8" type="stmt"/>
      <line num="35" count="2" type="stmt"/>
      <line num="37" count="24" type="stmt"/>
      <line num="38" count="24" type="cond" truecount="2" falsecount="0"/>
      <line num="39" count="47" type="stmt"/>
      <line num="40" count="23" type="stmt"/>
      <line num="41" count="47" type="cond" truecount="2" falsecount="0"/>
      <line num="42" count="32" type="stmt"/>
      <line num="44" count="15" type="stmt"/>
      <line num="48" count="24" type="stmt"/>
      <line num="50" count="24" type="stmt"/>
      <line num="51" count="24" type="stmt"/>
      <line num="52" count="93" type="cond" truecount="2" falsecount="0"/>
      <line num="53" count="61" type="stmt"/>
      <line num="56" count="24" type="stmt"/>
      <line num="59" count="2" type="stmt"/>
      <line num="60" count="9" type="stmt"/>
      <line num="61" count="9" type="stmt"/>
      <line num="62" count="9" type="stmt"/>
      <line num="63" count="23" type="stmt"/>
      <line num="64" count="16" type="stmt"/>
      <line num="66" count="23" type="stmt"/>
      <line num="68" count="9" type="stmt"/>
      <line num="72" count="2" type="stmt"/>
      <line num="73" count="7" type="stmt"/>
      <line num="74" count="7" type="stmt"/>
      <line num="75" count="13" type="stmt"/>
      <line num="76" count="13" type="stmt"/>
      <line num="77" count="13" type="stmt"/>
      <line num="79" count="12" type="cond" truecount="4" falsecount="0"/>
      <line num="80" count="6" type="stmt"/>
      <line num="81" count="6" type="stmt"/>
      <line num="82" count="6" type="stmt"/>
      <line num="84" count="6" type="stmt"/>
      <line num="85" count="6" type="stmt"/>
      <line num="86" count="6" type="stmt"/>
      <line num="89" count="1" type="stmt"/>
      <line num="90" count="1" type="stmt"/>
      <line num="91" count="1" type="stmt"/>
      <line num="94" count="7" type="stmt"/>
      <line num="97" count="2" type="stmt"/>
      <line num="98" count="7" type="stmt"/>
      <line num="99" count="7" type="stmt"/>
      <line num="100" count="7" type="stmt"/>
      <line num="101" count="7" type="cond" truecount="1" falsecount="1"/>
      <line num="103" count="7" type="cond" truecount="2" falsecount="0"/>
      <line num="104" count="7" type="cond" truecount="2" falsecount="0"/>
      <line num="107" count="7" type="stmt"/>
      <line num="131" count="2" type="stmt"/>
    </file>
    <file name="functionForCli.js" path="/home/kelly/Desktop/Markdown/LIM011-fe-md-links/functionForCli.js">
      <metrics statements="21" coveredstatements="21" conditionals="6" coveredconditionals="6" methods="7" coveredmethods="7"/>
      <line num="1" count="1" type="stmt"/>
      <line num="2" count="1" type="stmt"/>
      <line num="4" count="1" type="stmt"/>
      <line num="5" count="4" type="cond" truecount="2" falsecount="0"/>
      <line num="6" count="1" type="stmt"/>
      <line num="8" count="1" type="stmt"/>
      <line num="9" count="1" type="stmt"/>
      <line num="10" count="2" type="stmt"/>
      <line num="12" count="1" type="stmt"/>
      <line num="15" count="3" type="cond" truecount="2" falsecount="0"/>
      <line num="16" count="1" type="stmt"/>
      <line num="17" count="1" type="stmt"/>
      <line num="19" count="2" type="cond" truecount="2" falsecount="0"/>
      <line num="20" count="1" type="stmt"/>
      <line num="21" count="1" type="stmt"/>
      <line num="23" count="1" type="stmt"/>
      <line num="25" count="1" type="stmt"/>
      <line num="26" count="1" type="stmt"/>
      <line num="27" count="2" type="stmt"/>
      <line num="29" count="1" type="stmt"/>
      <line num="34" count="1" type="stmt"/>
    </file>
    <file name="stats.js" path="/home/kelly/Desktop/Markdown/LIM011-fe-md-links/stats.js">
      <metrics statements="9" coveredstatements="9" conditionals="0" coveredconditionals="0" methods="4" coveredmethods="4"/>
      <line num="1" count="1" type="stmt"/>
      <line num="3" count="3" type="stmt"/>
      <line num="5" count="6" type="stmt"/>
      <line num="6" count="3" type="stmt"/>
      <line num="7" count="6" type="stmt"/>
      <line num="8" count="3" type="stmt"/>
      <line num="9" count="3" type="stmt"/>
      <line num="14" count="3" type="stmt"/>
      <line num="17" count="1" type="stmt"/>
    </file>
  </project>
</coverage>
