{"/home/kelly/Desktop/Markdown/LIM011-fe-md-links/function.js": {"path":"/home/kelly/Desktop/Markdown/LIM011-fe-md-links/function.js","statementMap":{"0":{"start":{"line":2,"column":13},"end":{"line":2,"column":28}},"1":{"start":{"line":3,"column":11},"end":{"line":3,"column":24}},"2":{"start":{"line":4,"column":15},"end":{"line":4,"column":32}},"3":{"start":{"line":5,"column":14},"end":{"line":5,"column":35}},"4":{"start":{"line":7,"column":27},"end":{"line":7,"column":60}},"5":{"start":{"line":7,"column":38},"end":{"line":7,"column":60}},"6":{"start":{"line":9,"column":28},"end":{"line":9,"column":58}},"7":{"start":{"line":9,"column":39},"end":{"line":9,"column":58}},"8":{"start":{"line":11,"column":21},"end":{"line":11,"column":59}},"9":{"start":{"line":11,"column":32},"end":{"line":11,"column":59}},"10":{"start":{"line":13,"column":26},"end":{"line":13,"column":69}},"11":{"start":{"line":13,"column":37},"end":{"line":13,"column":69}},"12":{"start":{"line":15,"column":19},"end":{"line":20,"column":1}},"13":{"start":{"line":16,"column":24},"end":{"line":16,"column":45}},"14":{"start":{"line":17,"column":2},"end":{"line":19,"column":3}},"15":{"start":{"line":18,"column":4},"end":{"line":18,"column":16}},"16":{"start":{"line":19,"column":4},"end":{"line":19,"column":17}},"17":{"start":{"line":22,"column":27},"end":{"line":22,"column":68}},"18":{"start":{"line":22,"column":38},"end":{"line":22,"column":68}},"19":{"start":{"line":23,"column":20},"end":{"line":23,"column":61}},"20":{"start":{"line":23,"column":31},"end":{"line":23,"column":61}},"21":{"start":{"line":26,"column":20},"end":{"line":32,"column":1}},"22":{"start":{"line":27,"column":2},"end":{"line":29,"column":3}},"23":{"start":{"line":28,"column":4},"end":{"line":28,"column":17}},"24":{"start":{"line":30,"column":27},"end":{"line":30,"column":53}},"25":{"start":{"line":31,"column":2},"end":{"line":31,"column":26}},"26":{"start":{"line":35,"column":26},"end":{"line":57,"column":1}},"27":{"start":{"line":37,"column":18},"end":{"line":37,"column":20}},"28":{"start":{"line":38,"column":2},"end":{"line":47,"column":3}},"29":{"start":{"line":39,"column":30},"end":{"line":39,"column":99}},"30":{"start":{"line":39,"column":73},"end":{"line":39,"column":98}},"31":{"start":{"line":40,"column":4},"end":{"line":46,"column":7}},"32":{"start":{"line":41,"column":6},"end":{"line":45,"column":7}},"33":{"start":{"line":42,"column":8},"end":{"line":42,"column":41}},"34":{"start":{"line":44,"column":8},"end":{"line":44,"column":60}},"35":{"start":{"line":48,"column":2},"end":{"line":48,"column":38}},"36":{"start":{"line":50,"column":22},"end":{"line":50,"column":24}},"37":{"start":{"line":51,"column":2},"end":{"line":55,"column":5}},"38":{"start":{"line":52,"column":4},"end":{"line":54,"column":5}},"39":{"start":{"line":53,"column":6},"end":{"line":53,"column":27}},"40":{"start":{"line":56,"column":2},"end":{"line":56,"column":21}},"41":{"start":{"line":59,"column":26},"end":{"line":69,"column":1}},"42":{"start":{"line":60,"column":19},"end":{"line":60,"column":40}},"43":{"start":{"line":61,"column":24},"end":{"line":61,"column":26}},"44":{"start":{"line":62,"column":2},"end":{"line":67,"column":5}},"45":{"start":{"line":63,"column":4},"end":{"line":65,"column":6}},"46":{"start":{"line":64,"column":6},"end":{"line":64,"column":72}},"47":{"start":{"line":66,"column":4},"end":{"line":66,"column":51}},"48":{"start":{"line":68,"column":2},"end":{"line":68,"column":23}},"49":{"start":{"line":72,"column":25},"end":{"line":95,"column":1}},"50":{"start":{"line":73,"column":34},"end":{"line":73,"column":36}},"51":{"start":{"line":74,"column":2},"end":{"line":93,"column":5}},"52":{"start":{"line":75,"column":16},"end":{"line":75,"column":36}},"53":{"start":{"line":76,"column":17},"end":{"line":76,"column":35}},"54":{"start":{"line":77,"column":4},"end":{"line":92,"column":10}},"55":{"start":{"line":79,"column":8},"end":{"line":83,"column":9}},"56":{"start":{"line":80,"column":10},"end":{"line":80,"column":39}},"57":{"start":{"line":81,"column":10},"end":{"line":81,"column":29}},"58":{"start":{"line":82,"column":10},"end":{"line":82,"column":21}},"59":{"start":{"line":84,"column":8},"end":{"line":84,"column":37}},"60":{"start":{"line":85,"column":8},"end":{"line":85,"column":29}},"61":{"start":{"line":86,"column":8},"end":{"line":86,"column":19}},"62":{"start":{"line":89,"column":8},"end":{"line":89,"column":38}},"63":{"start":{"line":90,"column":8},"end":{"line":90,"column":29}},"64":{"start":{"line":91,"column":8},"end":{"line":91,"column":19}},"65":{"start":{"line":94,"column":2},"end":{"line":94,"column":46}},"66":{"start":{"line":97,"column":16},"end":{"line":108,"column":1}},"67":{"start":{"line":98,"column":18},"end":{"line":106,"column":4}},"68":{"start":{"line":99,"column":4},"end":{"line":105,"column":5}},"69":{"start":{"line":99,"column":22},"end":{"line":99,"column":83}},"70":{"start":{"line":101,"column":28},"end":{"line":101,"column":46}},"71":{"start":{"line":102,"column":31},"end":{"line":102,"column":63}},"72":{"start":{"line":103,"column":6},"end":{"line":103,"column":101}},"73":{"start":{"line":103,"column":38},"end":{"line":103,"column":101}},"74":{"start":{"line":104,"column":6},"end":{"line":104,"column":84}},"75":{"start":{"line":104,"column":39},"end":{"line":104,"column":84}},"76":{"start":{"line":107,"column":2},"end":{"line":107,"column":17}},"77":{"start":{"line":113,"column":0},"end":{"line":126,"column":2}}},"fnMap":{"0":{"name":"(anonymous_0)","decl":{"start":{"line":7,"column":27},"end":{"line":7,"column":28}},"loc":{"start":{"line":7,"column":38},"end":{"line":7,"column":60}},"line":7},"1":{"name":"(anonymous_1)","decl":{"start":{"line":9,"column":28},"end":{"line":9,"column":29}},"loc":{"start":{"line":9,"column":39},"end":{"line":9,"column":58}},"line":9},"2":{"name":"(anonymous_2)","decl":{"start":{"line":11,"column":21},"end":{"line":11,"column":22}},"loc":{"start":{"line":11,"column":32},"end":{"line":11,"column":59}},"line":11},"3":{"name":"(anonymous_3)","decl":{"start":{"line":13,"column":26},"end":{"line":13,"column":27}},"loc":{"start":{"line":13,"column":37},"end":{"line":13,"column":69}},"line":13},"4":{"name":"(anonymous_4)","decl":{"start":{"line":15,"column":19},"end":{"line":15,"column":20}},"loc":{"start":{"line":15,"column":30},"end":{"line":20,"column":1}},"line":15},"5":{"name":"(anonymous_5)","decl":{"start":{"line":22,"column":27},"end":{"line":22,"column":28}},"loc":{"start":{"line":22,"column":38},"end":{"line":22,"column":68}},"line":22},"6":{"name":"(anonymous_6)","decl":{"start":{"line":23,"column":20},"end":{"line":23,"column":21}},"loc":{"start":{"line":23,"column":31},"end":{"line":23,"column":61}},"line":23},"7":{"name":"(anonymous_7)","decl":{"start":{"line":26,"column":20},"end":{"line":26,"column":21}},"loc":{"start":{"line":26,"column":31},"end":{"line":32,"column":1}},"line":26},"8":{"name":"(anonymous_8)","decl":{"start":{"line":35,"column":26},"end":{"line":35,"column":27}},"loc":{"start":{"line":35,"column":37},"end":{"line":57,"column":1}},"line":35},"9":{"name":"(anonymous_9)","decl":{"start":{"line":39,"column":60},"end":{"line":39,"column":61}},"loc":{"start":{"line":39,"column":73},"end":{"line":39,"column":98}},"line":39},"10":{"name":"(anonymous_10)","decl":{"start":{"line":40,"column":30},"end":{"line":40,"column":31}},"loc":{"start":{"line":40,"column":38},"end":{"line":46,"column":5}},"line":40},"11":{"name":"(anonymous_11)","decl":{"start":{"line":51,"column":20},"end":{"line":51,"column":21}},"loc":{"start":{"line":51,"column":28},"end":{"line":55,"column":3}},"line":51},"12":{"name":"(anonymous_12)","decl":{"start":{"line":59,"column":26},"end":{"line":59,"column":27}},"loc":{"start":{"line":59,"column":49},"end":{"line":69,"column":1}},"line":59},"13":{"name":"(anonymous_13)","decl":{"start":{"line":62,"column":28},"end":{"line":62,"column":29}},"loc":{"start":{"line":62,"column":45},"end":{"line":67,"column":3}},"line":62},"14":{"name":"(anonymous_14)","decl":{"start":{"line":63,"column":20},"end":{"line":63,"column":21}},"loc":{"start":{"line":63,"column":43},"end":{"line":65,"column":5}},"line":63},"15":{"name":"(anonymous_15)","decl":{"start":{"line":72,"column":25},"end":{"line":72,"column":26}},"loc":{"start":{"line":72,"column":44},"end":{"line":95,"column":1}},"line":72},"16":{"name":"(anonymous_16)","decl":{"start":{"line":74,"column":24},"end":{"line":74,"column":25}},"loc":{"start":{"line":74,"column":43},"end":{"line":93,"column":3}},"line":74},"17":{"name":"(anonymous_17)","decl":{"start":{"line":78,"column":12},"end":{"line":78,"column":13}},"loc":{"start":{"line":78,"column":26},"end":{"line":87,"column":7}},"line":78},"18":{"name":"(anonymous_18)","decl":{"start":{"line":88,"column":13},"end":{"line":88,"column":14}},"loc":{"start":{"line":88,"column":19},"end":{"line":92,"column":7}},"line":88},"19":{"name":"(anonymous_19)","decl":{"start":{"line":97,"column":16},"end":{"line":97,"column":17}},"loc":{"start":{"line":97,"column":37},"end":{"line":108,"column":1}},"line":97},"20":{"name":"(anonymous_20)","decl":{"start":{"line":98,"column":30},"end":{"line":98,"column":31}},"loc":{"start":{"line":98,"column":51},"end":{"line":106,"column":3}},"line":98}},"branchMap":{"0":{"loc":{"start":{"line":17,"column":2},"end":{"line":19,"column":3}},"type":"if","locations":[{"start":{"line":17,"column":2},"end":{"line":19,"column":3}},{"start":{"line":17,"column":2},"end":{"line":19,"column":3}}],"line":17},"1":{"loc":{"start":{"line":27,"column":2},"end":{"line":29,"column":3}},"type":"if","locations":[{"start":{"line":27,"column":2},"end":{"line":29,"column":3}},{"start":{"line":27,"column":2},"end":{"line":29,"column":3}}],"line":27},"2":{"loc":{"start":{"line":38,"column":2},"end":{"line":47,"column":3}},"type":"if","locations":[{"start":{"line":38,"column":2},"end":{"line":47,"column":3}},{"start":{"line":38,"column":2},"end":{"line":47,"column":3}}],"line":38},"3":{"loc":{"start":{"line":41,"column":6},"end":{"line":45,"column":7}},"type":"if","locations":[{"start":{"line":41,"column":6},"end":{"line":45,"column":7}},{"start":{"line":41,"column":6},"end":{"line":45,"column":7}}],"line":41},"4":{"loc":{"start":{"line":52,"column":4},"end":{"line":54,"column":5}},"type":"if","locations":[{"start":{"line":52,"column":4},"end":{"line":54,"column":5}},{"start":{"line":52,"column":4},"end":{"line":54,"column":5}}],"line":52},"5":{"loc":{"start":{"line":79,"column":8},"end":{"line":83,"column":9}},"type":"if","locations":[{"start":{"line":79,"column":8},"end":{"line":83,"column":9}},{"start":{"line":79,"column":8},"end":{"line":83,"column":9}}],"line":79},"6":{"loc":{"start":{"line":79,"column":12},"end":{"line":79,"column":60}},"type":"binary-expr","locations":[{"start":{"line":79,"column":12},"end":{"line":79,"column":34}},{"start":{"line":79,"column":38},"end":{"line":79,"column":60}}],"line":79},"7":{"loc":{"start":{"line":99,"column":4},"end":{"line":105,"column":5}},"type":"if","locations":[{"start":{"line":99,"column":4},"end":{"line":105,"column":5}},{"start":{"line":99,"column":4},"end":{"line":105,"column":5}}],"line":99},"8":{"loc":{"start":{"line":103,"column":6},"end":{"line":103,"column":101}},"type":"if","locations":[{"start":{"line":103,"column":6},"end":{"line":103,"column":101}},{"start":{"line":103,"column":6},"end":{"line":103,"column":101}}],"line":103},"9":{"loc":{"start":{"line":104,"column":6},"end":{"line":104,"column":84}},"type":"if","locations":[{"start":{"line":104,"column":6},"end":{"line":104,"column":84}},{"start":{"line":104,"column":6},"end":{"line":104,"column":84}}],"line":104}},"s":{"0":2,"1":2,"2":2,"3":2,"4":2,"5":11,"6":2,"7":9,"8":2,"9":48,"10":2,"11":25,"12":2,"13":95,"14":95,"15":62,"16":33,"17":2,"18":24,"19":2,"20":24,"21":2,"22":9,"23":1,"24":8,"25":8,"26":2,"27":24,"28":24,"29":23,"30":47,"31":23,"32":47,"33":32,"34":15,"35":24,"36":24,"37":24,"38":93,"39":61,"40":24,"41":2,"42":9,"43":9,"44":9,"45":23,"46":16,"47":23,"48":9,"49":2,"50":7,"51":7,"52":13,"53":13,"54":13,"55":12,"56":6,"57":6,"58":6,"59":6,"60":6,"61":6,"62":1,"63":1,"64":1,"65":7,"66":2,"67":7,"68":7,"69":0,"70":7,"71":7,"72":7,"73":5,"74":7,"75":2,"76":7,"77":2},"f":{"0":11,"1":9,"2":48,"3":25,"4":95,"5":24,"6":24,"7":9,"8":24,"9":47,"10":47,"11":93,"12":9,"13":23,"14":16,"15":7,"16":13,"17":12,"18":1,"19":7,"20":7},"b":{"0":[62,33],"1":[1,8],"2":[23,1],"3":[32,15],"4":[61,32],"5":[6,6],"6":[12,12],"7":[0,7],"8":[5,2],"9":[2,5]},"_coverageSchema":"43e27e138ebf9cfc5966b082cf9a028302ed4184","hash":"fa69ff4513a793a01daeef97d0f2e3b815428d96"}
,"/home/kelly/Desktop/Markdown/LIM011-fe-md-links/functionForCli.js": {"path":"/home/kelly/Desktop/Markdown/LIM011-fe-md-links/functionForCli.js","statementMap":{"0":{"start":{"line":1,"column":16},"end":{"line":1,"column":40}},"1":{"start":{"line":2,"column":14},"end":{"line":2,"column":35}},"2":{"start":{"line":4,"column":23},"end":{"line":31,"column":1}},"3":{"start":{"line":5,"column":2},"end":{"line":14,"column":3}},"4":{"start":{"line":6,"column":4},"end":{"line":13,"column":9}},"5":{"start":{"line":8,"column":21},"end":{"line":8,"column":23}},"6":{"start":{"line":9,"column":8},"end":{"line":11,"column":11}},"7":{"start":{"line":10,"column":10},"end":{"line":10,"column":109}},"8":{"start":{"line":12,"column":8},"end":{"line":12,"column":22}},"9":{"start":{"line":15,"column":2},"end":{"line":18,"column":3}},"10":{"start":{"line":16,"column":4},"end":{"line":17,"column":70}},"11":{"start":{"line":17,"column":22},"end":{"line":17,"column":68}},"12":{"start":{"line":19,"column":2},"end":{"line":22,"column":3}},"13":{"start":{"line":20,"column":4},"end":{"line":21,"column":94}},"14":{"start":{"line":21,"column":22},"end":{"line":21,"column":92}},"15":{"start":{"line":23,"column":2},"end":{"line":30,"column":7}},"16":{"start":{"line":25,"column":19},"end":{"line":25,"column":21}},"17":{"start":{"line":26,"column":6},"end":{"line":28,"column":9}},"18":{"start":{"line":27,"column":8},"end":{"line":27,"column":70}},"19":{"start":{"line":29,"column":6},"end":{"line":29,"column":20}},"20":{"start":{"line":34,"column":0},"end":{"line":34,"column":32}}},"fnMap":{"0":{"name":"(anonymous_0)","decl":{"start":{"line":4,"column":23},"end":{"line":4,"column":24}},"loc":{"start":{"line":4,"column":42},"end":{"line":31,"column":1}},"line":4},"1":{"name":"(anonymous_1)","decl":{"start":{"line":7,"column":12},"end":{"line":7,"column":13}},"loc":{"start":{"line":7,"column":22},"end":{"line":13,"column":7}},"line":7},"2":{"name":"(anonymous_2)","decl":{"start":{"line":9,"column":21},"end":{"line":9,"column":22}},"loc":{"start":{"line":9,"column":34},"end":{"line":11,"column":9}},"line":9},"3":{"name":"(anonymous_3)","decl":{"start":{"line":17,"column":12},"end":{"line":17,"column":13}},"loc":{"start":{"line":17,"column":22},"end":{"line":17,"column":68}},"line":17},"4":{"name":"(anonymous_4)","decl":{"start":{"line":21,"column":12},"end":{"line":21,"column":13}},"loc":{"start":{"line":21,"column":22},"end":{"line":21,"column":92}},"line":21},"5":{"name":"(anonymous_5)","decl":{"start":{"line":24,"column":10},"end":{"line":24,"column":11}},"loc":{"start":{"line":24,"column":20},"end":{"line":30,"column":5}},"line":24},"6":{"name":"(anonymous_6)","decl":{"start":{"line":26,"column":19},"end":{"line":26,"column":20}},"loc":{"start":{"line":26,"column":32},"end":{"line":28,"column":7}},"line":26}},"branchMap":{"0":{"loc":{"start":{"line":5,"column":2},"end":{"line":14,"column":3}},"type":"if","locations":[{"start":{"line":5,"column":2},"end":{"line":14,"column":3}},{"start":{"line":5,"column":2},"end":{"line":14,"column":3}}],"line":5},"1":{"loc":{"start":{"line":15,"column":2},"end":{"line":18,"column":3}},"type":"if","locations":[{"start":{"line":15,"column":2},"end":{"line":18,"column":3}},{"start":{"line":15,"column":2},"end":{"line":18,"column":3}}],"line":15},"2":{"loc":{"start":{"line":19,"column":2},"end":{"line":22,"column":3}},"type":"if","locations":[{"start":{"line":19,"column":2},"end":{"line":22,"column":3}},{"start":{"line":19,"column":2},"end":{"line":22,"column":3}}],"line":19}},"s":{"0":1,"1":1,"2":1,"3":4,"4":1,"5":1,"6":1,"7":2,"8":1,"9":3,"10":1,"11":1,"12":2,"13":1,"14":1,"15":1,"16":1,"17":1,"18":2,"19":1,"20":1},"f":{"0":4,"1":1,"2":2,"3":1,"4":1,"5":1,"6":2},"b":{"0":[1,3],"1":[1,2],"2":[1,1]},"_coverageSchema":"43e27e138ebf9cfc5966b082cf9a028302ed4184","hash":"108cbe4365111b421a1cb47128da04785d89fda4"}
,"/home/kelly/Desktop/Markdown/LIM011-fe-md-links/stats.js": {"path":"/home/kelly/Desktop/Markdown/LIM011-fe-md-links/stats.js","statementMap":{"0":{"start":{"line":1,"column":16},"end":{"line":1,"column":40}},"1":{"start":{"line":3,"column":14},"end":{"line":15,"column":4}},"2":{"start":{"line":3,"column":24},"end":{"line":15,"column":4}},"3":{"start":{"line":5,"column":29},"end":{"line":5,"column":93}},"4":{"start":{"line":5,"column":63},"end":{"line":5,"column":92}},"5":{"start":{"line":6,"column":22},"end":{"line":6,"column":24}},"6":{"start":{"line":7,"column":4},"end":{"line":7,"column":72}},"7":{"start":{"line":7,"column":39},"end":{"line":7,"column":70}},"8":{"start":{"line":8,"column":29},"end":{"line":8,"column":47}},"9":{"start":{"line":9,"column":25},"end":{"line":13,"column":5}},"10":{"start":{"line":14,"column":4},"end":{"line":14,"column":24}},"11":{"start":{"line":17,"column":0},"end":{"line":17,"column":23}}},"fnMap":{"0":{"name":"(anonymous_0)","decl":{"start":{"line":3,"column":14},"end":{"line":3,"column":15}},"loc":{"start":{"line":3,"column":24},"end":{"line":15,"column":4}},"line":3},"1":{"name":"(anonymous_1)","decl":{"start":{"line":4,"column":8},"end":{"line":4,"column":9}},"loc":{"start":{"line":4,"column":24},"end":{"line":15,"column":3}},"line":4},"2":{"name":"(anonymous_2)","decl":{"start":{"line":5,"column":47},"end":{"line":5,"column":48}},"loc":{"start":{"line":5,"column":63},"end":{"line":5,"column":92}},"line":5},"3":{"name":"(anonymous_3)","decl":{"start":{"line":7,"column":23},"end":{"line":7,"column":24}},"loc":{"start":{"line":7,"column":39},"end":{"line":7,"column":70}},"line":7}},"branchMap":{},"s":{"0":1,"1":1,"2":3,"3":3,"4":6,"5":3,"6":3,"7":6,"8":3,"9":3,"10":3,"11":1},"f":{"0":3,"1":3,"2":6,"3":6},"b":{},"_coverageSchema":"43e27e138ebf9cfc5966b082cf9a028302ed4184","hash":"30507a347496ff3083fbf9e76a68b3c9f7fef607"}
}
