{"/home/kelly/Desktop/Markdown/LIM011-fe-md-links/function.js": {"path":"/home/kelly/Desktop/Markdown/LIM011-fe-md-links/function.js","statementMap":{"0":{"start":{"line":4,"column":13},"end":{"line":4,"column":28}},"1":{"start":{"line":5,"column":11},"end":{"line":5,"column":24}},"2":{"start":{"line":6,"column":15},"end":{"line":6,"column":32}},"3":{"start":{"line":7,"column":14},"end":{"line":7,"column":35}},"4":{"start":{"line":9,"column":27},"end":{"line":9,"column":60}},"5":{"start":{"line":9,"column":38},"end":{"line":9,"column":60}},"6":{"start":{"line":11,"column":28},"end":{"line":11,"column":58}},"7":{"start":{"line":11,"column":39},"end":{"line":11,"column":58}},"8":{"start":{"line":13,"column":21},"end":{"line":13,"column":59}},"9":{"start":{"line":13,"column":32},"end":{"line":13,"column":59}},"10":{"start":{"line":15,"column":26},"end":{"line":15,"column":69}},"11":{"start":{"line":15,"column":37},"end":{"line":15,"column":69}},"12":{"start":{"line":17,"column":19},"end":{"line":22,"column":1}},"13":{"start":{"line":18,"column":24},"end":{"line":18,"column":45}},"14":{"start":{"line":19,"column":2},"end":{"line":21,"column":3}},"15":{"start":{"line":20,"column":4},"end":{"line":20,"column":16}},"16":{"start":{"line":21,"column":4},"end":{"line":21,"column":17}},"17":{"start":{"line":24,"column":27},"end":{"line":24,"column":68}},"18":{"start":{"line":24,"column":38},"end":{"line":24,"column":68}},"19":{"start":{"line":25,"column":20},"end":{"line":25,"column":61}},"20":{"start":{"line":25,"column":31},"end":{"line":25,"column":61}},"21":{"start":{"line":28,"column":20},"end":{"line":34,"column":1}},"22":{"start":{"line":29,"column":2},"end":{"line":31,"column":3}},"23":{"start":{"line":30,"column":4},"end":{"line":30,"column":17}},"24":{"start":{"line":32,"column":27},"end":{"line":32,"column":53}},"25":{"start":{"line":33,"column":2},"end":{"line":33,"column":26}},"26":{"start":{"line":37,"column":26},"end":{"line":59,"column":1}},"27":{"start":{"line":39,"column":18},"end":{"line":39,"column":20}},"28":{"start":{"line":40,"column":2},"end":{"line":49,"column":3}},"29":{"start":{"line":41,"column":30},"end":{"line":41,"column":99}},"30":{"start":{"line":41,"column":73},"end":{"line":41,"column":98}},"31":{"start":{"line":42,"column":4},"end":{"line":48,"column":7}},"32":{"start":{"line":43,"column":6},"end":{"line":47,"column":7}},"33":{"start":{"line":44,"column":8},"end":{"line":44,"column":41}},"34":{"start":{"line":46,"column":8},"end":{"line":46,"column":60}},"35":{"start":{"line":50,"column":2},"end":{"line":50,"column":38}},"36":{"start":{"line":52,"column":22},"end":{"line":52,"column":24}},"37":{"start":{"line":53,"column":2},"end":{"line":57,"column":5}},"38":{"start":{"line":54,"column":4},"end":{"line":56,"column":5}},"39":{"start":{"line":55,"column":6},"end":{"line":55,"column":27}},"40":{"start":{"line":58,"column":2},"end":{"line":58,"column":21}},"41":{"start":{"line":61,"column":26},"end":{"line":71,"column":1}},"42":{"start":{"line":62,"column":19},"end":{"line":62,"column":40}},"43":{"start":{"line":63,"column":24},"end":{"line":63,"column":26}},"44":{"start":{"line":64,"column":2},"end":{"line":69,"column":5}},"45":{"start":{"line":65,"column":4},"end":{"line":67,"column":6}},"46":{"start":{"line":66,"column":6},"end":{"line":66,"column":72}},"47":{"start":{"line":68,"column":4},"end":{"line":68,"column":51}},"48":{"start":{"line":70,"column":2},"end":{"line":70,"column":23}},"49":{"start":{"line":74,"column":25},"end":{"line":93,"column":1}},"50":{"start":{"line":75,"column":34},"end":{"line":75,"column":36}},"51":{"start":{"line":76,"column":2},"end":{"line":91,"column":5}},"52":{"start":{"line":77,"column":16},"end":{"line":77,"column":36}},"53":{"start":{"line":78,"column":17},"end":{"line":78,"column":35}},"54":{"start":{"line":79,"column":4},"end":{"line":90,"column":41}},"55":{"start":{"line":81,"column":8},"end":{"line":85,"column":9}},"56":{"start":{"line":82,"column":10},"end":{"line":82,"column":39}},"57":{"start":{"line":83,"column":10},"end":{"line":83,"column":29}},"58":{"start":{"line":84,"column":10},"end":{"line":84,"column":21}},"59":{"start":{"line":86,"column":8},"end":{"line":86,"column":37}},"60":{"start":{"line":87,"column":8},"end":{"line":87,"column":29}},"61":{"start":{"line":88,"column":8},"end":{"line":88,"column":19}},"62":{"start":{"line":90,"column":19},"end":{"line":90,"column":38}},"63":{"start":{"line":92,"column":2},"end":{"line":92,"column":46}},"64":{"start":{"line":95,"column":16},"end":{"line":103,"column":1}},"65":{"start":{"line":96,"column":18},"end":{"line":101,"column":4}},"66":{"start":{"line":97,"column":26},"end":{"line":97,"column":44}},"67":{"start":{"line":98,"column":29},"end":{"line":98,"column":61}},"68":{"start":{"line":99,"column":4},"end":{"line":99,"column":99}},"69":{"start":{"line":99,"column":36},"end":{"line":99,"column":99}},"70":{"start":{"line":100,"column":4},"end":{"line":100,"column":82}},"71":{"start":{"line":100,"column":37},"end":{"line":100,"column":82}},"72":{"start":{"line":102,"column":2},"end":{"line":102,"column":17}},"73":{"start":{"line":105,"column":0},"end":{"line":105,"column":104}},"74":{"start":{"line":105,"column":82},"end":{"line":105,"column":102}},"75":{"start":{"line":107,"column":0},"end":{"line":107,"column":25}},"76":{"start":{"line":108,"column":0},"end":{"line":119,"column":2}}},"fnMap":{"0":{"name":"(anonymous_0)","decl":{"start":{"line":9,"column":27},"end":{"line":9,"column":28}},"loc":{"start":{"line":9,"column":38},"end":{"line":9,"column":60}},"line":9},"1":{"name":"(anonymous_1)","decl":{"start":{"line":11,"column":28},"end":{"line":11,"column":29}},"loc":{"start":{"line":11,"column":39},"end":{"line":11,"column":58}},"line":11},"2":{"name":"(anonymous_2)","decl":{"start":{"line":13,"column":21},"end":{"line":13,"column":22}},"loc":{"start":{"line":13,"column":32},"end":{"line":13,"column":59}},"line":13},"3":{"name":"(anonymous_3)","decl":{"start":{"line":15,"column":26},"end":{"line":15,"column":27}},"loc":{"start":{"line":15,"column":37},"end":{"line":15,"column":69}},"line":15},"4":{"name":"(anonymous_4)","decl":{"start":{"line":17,"column":19},"end":{"line":17,"column":20}},"loc":{"start":{"line":17,"column":30},"end":{"line":22,"column":1}},"line":17},"5":{"name":"(anonymous_5)","decl":{"start":{"line":24,"column":27},"end":{"line":24,"column":28}},"loc":{"start":{"line":24,"column":38},"end":{"line":24,"column":68}},"line":24},"6":{"name":"(anonymous_6)","decl":{"start":{"line":25,"column":20},"end":{"line":25,"column":21}},"loc":{"start":{"line":25,"column":31},"end":{"line":25,"column":61}},"line":25},"7":{"name":"(anonymous_7)","decl":{"start":{"line":28,"column":20},"end":{"line":28,"column":21}},"loc":{"start":{"line":28,"column":31},"end":{"line":34,"column":1}},"line":28},"8":{"name":"(anonymous_8)","decl":{"start":{"line":37,"column":26},"end":{"line":37,"column":27}},"loc":{"start":{"line":37,"column":37},"end":{"line":59,"column":1}},"line":37},"9":{"name":"(anonymous_9)","decl":{"start":{"line":41,"column":60},"end":{"line":41,"column":61}},"loc":{"start":{"line":41,"column":73},"end":{"line":41,"column":98}},"line":41},"10":{"name":"(anonymous_10)","decl":{"start":{"line":42,"column":30},"end":{"line":42,"column":31}},"loc":{"start":{"line":42,"column":38},"end":{"line":48,"column":5}},"line":42},"11":{"name":"(anonymous_11)","decl":{"start":{"line":53,"column":20},"end":{"line":53,"column":21}},"loc":{"start":{"line":53,"column":28},"end":{"line":57,"column":3}},"line":53},"12":{"name":"(anonymous_12)","decl":{"start":{"line":61,"column":26},"end":{"line":61,"column":27}},"loc":{"start":{"line":61,"column":49},"end":{"line":71,"column":1}},"line":61},"13":{"name":"(anonymous_13)","decl":{"start":{"line":64,"column":28},"end":{"line":64,"column":29}},"loc":{"start":{"line":64,"column":45},"end":{"line":69,"column":3}},"line":64},"14":{"name":"(anonymous_14)","decl":{"start":{"line":65,"column":20},"end":{"line":65,"column":21}},"loc":{"start":{"line":65,"column":43},"end":{"line":67,"column":5}},"line":65},"15":{"name":"(anonymous_15)","decl":{"start":{"line":74,"column":25},"end":{"line":74,"column":26}},"loc":{"start":{"line":74,"column":44},"end":{"line":93,"column":1}},"line":74},"16":{"name":"(anonymous_16)","decl":{"start":{"line":76,"column":24},"end":{"line":76,"column":25}},"loc":{"start":{"line":76,"column":43},"end":{"line":91,"column":3}},"line":76},"17":{"name":"(anonymous_17)","decl":{"start":{"line":80,"column":12},"end":{"line":80,"column":13}},"loc":{"start":{"line":80,"column":26},"end":{"line":89,"column":7}},"line":80},"18":{"name":"(anonymous_18)","decl":{"start":{"line":90,"column":13},"end":{"line":90,"column":14}},"loc":{"start":{"line":90,"column":19},"end":{"line":90,"column":38}},"line":90},"19":{"name":"(anonymous_19)","decl":{"start":{"line":95,"column":16},"end":{"line":95,"column":17}},"loc":{"start":{"line":95,"column":37},"end":{"line":103,"column":1}},"line":95},"20":{"name":"(anonymous_20)","decl":{"start":{"line":96,"column":30},"end":{"line":96,"column":31}},"loc":{"start":{"line":96,"column":51},"end":{"line":101,"column":3}},"line":96},"21":{"name":"(anonymous_21)","decl":{"start":{"line":105,"column":69},"end":{"line":105,"column":70}},"loc":{"start":{"line":105,"column":82},"end":{"line":105,"column":102}},"line":105}},"branchMap":{"0":{"loc":{"start":{"line":19,"column":2},"end":{"line":21,"column":3}},"type":"if","locations":[{"start":{"line":19,"column":2},"end":{"line":21,"column":3}},{"start":{"line":19,"column":2},"end":{"line":21,"column":3}}],"line":19},"1":{"loc":{"start":{"line":29,"column":2},"end":{"line":31,"column":3}},"type":"if","locations":[{"start":{"line":29,"column":2},"end":{"line":31,"column":3}},{"start":{"line":29,"column":2},"end":{"line":31,"column":3}}],"line":29},"2":{"loc":{"start":{"line":40,"column":2},"end":{"line":49,"column":3}},"type":"if","locations":[{"start":{"line":40,"column":2},"end":{"line":49,"column":3}},{"start":{"line":40,"column":2},"end":{"line":49,"column":3}}],"line":40},"3":{"loc":{"start":{"line":43,"column":6},"end":{"line":47,"column":7}},"type":"if","locations":[{"start":{"line":43,"column":6},"end":{"line":47,"column":7}},{"start":{"line":43,"column":6},"end":{"line":47,"column":7}}],"line":43},"4":{"loc":{"start":{"line":54,"column":4},"end":{"line":56,"column":5}},"type":"if","locations":[{"start":{"line":54,"column":4},"end":{"line":56,"column":5}},{"start":{"line":54,"column":4},"end":{"line":56,"column":5}}],"line":54},"5":{"loc":{"start":{"line":81,"column":8},"end":{"line":85,"column":9}},"type":"if","locations":[{"start":{"line":81,"column":8},"end":{"line":85,"column":9}},{"start":{"line":81,"column":8},"end":{"line":85,"column":9}}],"line":81},"6":{"loc":{"start":{"line":81,"column":12},"end":{"line":81,"column":60}},"type":"binary-expr","locations":[{"start":{"line":81,"column":12},"end":{"line":81,"column":34}},{"start":{"line":81,"column":38},"end":{"line":81,"column":60}}],"line":81},"7":{"loc":{"start":{"line":99,"column":4},"end":{"line":99,"column":99}},"type":"if","locations":[{"start":{"line":99,"column":4},"end":{"line":99,"column":99}},{"start":{"line":99,"column":4},"end":{"line":99,"column":99}}],"line":99},"8":{"loc":{"start":{"line":100,"column":4},"end":{"line":100,"column":82}},"type":"if","locations":[{"start":{"line":100,"column":4},"end":{"line":100,"column":82}},{"start":{"line":100,"column":4},"end":{"line":100,"column":82}}],"line":100}},"s":{"0":1,"1":1,"2":1,"3":1,"4":1,"5":4,"6":1,"7":3,"8":1,"9":6,"10":1,"11":5,"12":1,"13":12,"14":12,"15":7,"16":5,"17":1,"18":3,"19":1,"20":4,"21":1,"22":2,"23":0,"24":2,"25":2,"26":1,"27":4,"28":4,"29":2,"30":5,"31":2,"32":5,"33":4,"34":1,"35":4,"36":4,"37":4,"38":10,"39":6,"40":4,"41":1,"42":3,"43":3,"44":3,"45":3,"46":2,"47":3,"48":3,"49":1,"50":1,"51":1,"52":1,"53":1,"54":1,"55":0,"56":0,"57":0,"58":0,"59":0,"60":0,"61":0,"62":0,"63":1,"64":1,"65":1,"66":1,"67":1,"68":1,"69":1,"70":1,"71":0,"72":1,"73":1,"74":0,"75":1,"76":1},"f":{"0":4,"1":3,"2":6,"3":5,"4":12,"5":3,"6":4,"7":2,"8":4,"9":5,"10":5,"11":10,"12":3,"13":3,"14":2,"15":1,"16":1,"17":0,"18":0,"19":1,"20":1,"21":0},"b":{"0":[7,5],"1":[0,2],"2":[2,2],"3":[4,1],"4":[6,4],"5":[0,0],"6":[0,0],"7":[1,0],"8":[0,1]},"_coverageSchema":"43e27e138ebf9cfc5966b082cf9a028302ed4184","hash":"1eea37cf26ba510036b93171ae236471d5bd2099"}
}
