TN:
SF:/home/kelly/Desktop/Markdown/LIM011-fe-md-links/function.js
FN:7,(anonymous_0)
FN:9,(anonymous_1)
FN:11,(anonymous_2)
FN:13,(anonymous_3)
FN:15,(anonymous_4)
FN:22,(anonymous_5)
FN:23,(anonymous_6)
FN:26,(anonymous_7)
FN:35,(anonymous_8)
FN:39,(anonymous_9)
FN:40,(anonymous_10)
FN:51,(anonymous_11)
FN:59,(anonymous_12)
FN:62,(anonymous_13)
FN:63,(anonymous_14)
FN:72,(anonymous_15)
FN:74,(anonymous_16)
FN:78,(anonymous_17)
FN:88,(anonymous_18)
FN:97,(anonymous_19)
FN:98,(anonymous_20)
FNF:21
FNH:21
FNDA:11,(anonymous_0)
FNDA:9,(anonymous_1)
FNDA:48,(anonymous_2)
FNDA:25,(anonymous_3)
FNDA:95,(anonymous_4)
FNDA:24,(anonymous_5)
FNDA:24,(anonymous_6)
FNDA:9,(anonymous_7)
FNDA:24,(anonymous_8)
FNDA:47,(anonymous_9)
FNDA:47,(anonymous_10)
FNDA:93,(anonymous_11)
FNDA:9,(anonymous_12)
FNDA:23,(anonymous_13)
FNDA:16,(anonymous_14)
FNDA:7,(anonymous_15)
FNDA:13,(anonymous_16)
FNDA:12,(anonymous_17)
FNDA:1,(anonymous_18)
FNDA:7,(anonymous_19)
FNDA:7,(anonymous_20)
DA:2,2
DA:3,2
DA:4,2
DA:5,2
DA:7,11
DA:9,9
DA:11,48
DA:13,25
DA:15,2
DA:16,95
DA:17,95
DA:18,62
DA:19,33
DA:22,24
DA:23,24
DA:26,2
DA:27,9
DA:28,1
DA:30,8
DA:31,8
DA:35,2
DA:37,24
DA:38,24
DA:39,47
DA:40,23
DA:41,47
DA:42,32
DA:44,15
DA:48,24
DA:50,24
DA:51,24
DA:52,93
DA:53,61
DA:56,24
DA:59,2
DA:60,9
DA:61,9
DA:62,9
DA:63,23
DA:64,16
DA:66,23
DA:68,9
DA:72,2
DA:73,7
DA:74,7
DA:75,13
DA:76,13
DA:77,13
DA:79,12
DA:80,6
DA:81,6
DA:82,6
DA:84,6
DA:85,6
DA:86,6
DA:89,1
DA:90,1
DA:91,1
DA:94,7
DA:97,2
DA:98,7
DA:99,7
DA:100,7
DA:101,7
DA:103,7
DA:104,7
DA:107,7
DA:131,2
LF:68
LH:68
BRDA:17,0,0,62
BRDA:17,0,1,33
BRDA:27,1,0,1
BRDA:27,1,1,8
BRDA:38,2,0,23
BRDA:38,2,1,1
BRDA:41,3,0,32
BRDA:41,3,1,15
BRDA:52,4,0,61
BRDA:52,4,1,32
BRDA:79,5,0,6
BRDA:79,5,1,6
BRDA:79,6,0,12
BRDA:79,6,1,12
BRDA:101,7,0,0
BRDA:101,7,1,7
BRDA:103,8,0,5
BRDA:103,8,1,2
BRDA:104,9,0,2
BRDA:104,9,1,5
BRF:20
BRH:19
end_of_record
TN:
SF:/home/kelly/Desktop/Markdown/LIM011-fe-md-links/functionForCli.js
FN:4,(anonymous_0)
FN:7,(anonymous_1)
FN:9,(anonymous_2)
FN:17,(anonymous_3)
FN:21,(anonymous_4)
FN:24,(anonymous_5)
FN:26,(anonymous_6)
FNF:7
FNH:7
FNDA:4,(anonymous_0)
FNDA:1,(anonymous_1)
FNDA:2,(anonymous_2)
FNDA:1,(anonymous_3)
FNDA:1,(anonymous_4)
FNDA:1,(anonymous_5)
FNDA:2,(anonymous_6)
DA:1,1
DA:2,1
DA:4,1
DA:5,4
DA:6,1
DA:8,1
DA:9,1
DA:10,2
DA:12,1
DA:15,3
DA:16,1
DA:17,1
DA:19,2
DA:20,1
DA:21,1
DA:23,1
DA:25,1
DA:26,1
DA:27,2
DA:29,1
DA:34,1
LF:21
LH:21
BRDA:5,0,0,1
BRDA:5,0,1,3
BRDA:15,1,0,1
BRDA:15,1,1,2
BRDA:19,2,0,1
BRDA:19,2,1,1
BRF:6
BRH:6
end_of_record
TN:
SF:/home/kelly/Desktop/Markdown/LIM011-fe-md-links/stats.js
FN:3,(anonymous_0)
FN:4,(anonymous_1)
FN:5,(anonymous_2)
FN:7,(anonymous_3)
FNF:4
FNH:4
FNDA:3,(anonymous_0)
FNDA:3,(anonymous_1)
FNDA:6,(anonymous_2)
FNDA:6,(anonymous_3)
DA:1,1
DA:3,3
DA:5,6
DA:6,3
DA:7,6
DA:8,3
DA:9,3
DA:14,3
DA:17,1
LF:9
LH:9
BRF:0
BRH:0
end_of_record
