TN:
SF:/home/kelly/Desktop/Markdown/LIM011-fe-md-links/function.js
FN:9,(anonymous_0)
FN:11,(anonymous_1)
FN:13,(anonymous_2)
FN:15,(anonymous_3)
FN:17,(anonymous_4)
FN:24,(anonymous_5)
FN:25,(anonymous_6)
FN:28,(anonymous_7)
FN:37,(anonymous_8)
FN:41,(anonymous_9)
FN:42,(anonymous_10)
FN:53,(anonymous_11)
FN:61,(anonymous_12)
FN:64,(anonymous_13)
FN:65,(anonymous_14)
FN:74,(anonymous_15)
FN:76,(anonymous_16)
FN:80,(anonymous_17)
FN:90,(anonymous_18)
FN:95,(anonymous_19)
FN:96,(anonymous_20)
FN:105,(anonymous_21)
FNF:22
FNH:19
FNDA:4,(anonymous_0)
FNDA:3,(anonymous_1)
FNDA:6,(anonymous_2)
FNDA:5,(anonymous_3)
FNDA:12,(anonymous_4)
FNDA:3,(anonymous_5)
FNDA:4,(anonymous_6)
FNDA:2,(anonymous_7)
FNDA:4,(anonymous_8)
FNDA:5,(anonymous_9)
FNDA:5,(anonymous_10)
FNDA:10,(anonymous_11)
FNDA:3,(anonymous_12)
FNDA:3,(anonymous_13)
FNDA:2,(anonymous_14)
FNDA:1,(anonymous_15)
FNDA:1,(anonymous_16)
FNDA:0,(anonymous_17)
FNDA:0,(anonymous_18)
FNDA:1,(anonymous_19)
FNDA:1,(anonymous_20)
FNDA:0,(anonymous_21)
DA:4,1
DA:5,1
DA:6,1
DA:7,1
DA:9,4
DA:11,3
DA:13,6
DA:15,5
DA:17,1
DA:18,12
DA:19,12
DA:20,7
DA:21,5
DA:24,3
DA:25,4
DA:28,1
DA:29,2
DA:30,0
DA:32,2
DA:33,2
DA:37,1
DA:39,4
DA:40,4
DA:41,5
DA:42,2
DA:43,5
DA:44,4
DA:46,1
DA:50,4
DA:52,4
DA:53,4
DA:54,10
DA:55,6
DA:58,4
DA:61,1
DA:62,3
DA:63,3
DA:64,3
DA:65,3
DA:66,2
DA:68,3
DA:70,3
DA:74,1
DA:75,1
DA:76,1
DA:77,1
DA:78,1
DA:79,1
DA:81,0
DA:82,0
DA:83,0
DA:84,0
DA:86,0
DA:87,0
DA:88,0
DA:90,0
DA:92,1
DA:95,1
DA:96,1
DA:97,1
DA:98,1
DA:99,1
DA:100,1
DA:102,1
DA:105,1
DA:107,1
DA:108,1
LF:67
LH:58
BRDA:19,0,0,7
BRDA:19,0,1,5
BRDA:29,1,0,0
BRDA:29,1,1,2
BRDA:40,2,0,2
BRDA:40,2,1,2
BRDA:43,3,0,4
BRDA:43,3,1,1
BRDA:54,4,0,6
BRDA:54,4,1,4
BRDA:81,5,0,0
BRDA:81,5,1,0
BRDA:81,6,0,0
BRDA:81,6,1,0
BRDA:99,7,0,1
BRDA:99,7,1,0
BRDA:100,8,0,0
BRDA:100,8,1,1
BRF:18
BRH:11
end_of_record
